c:\users\user\source\repos\코딩 프로젝트 druid\코딩 프로젝트 druid\x64\release\vc143.pdb
c:\users\user\source\repos\코딩 프로젝트 druid\코딩 프로젝트 druid\x64\release\메인.obj
c:\users\user\source\repos\코딩 프로젝트 druid\코딩 프로젝트 druid\x64\release\시작화면 이미지1.obj
c:\users\user\source\repos\코딩 프로젝트 druid\코딩 프로젝트 druid\x64\release\게임 방법.obj
c:\users\user\source\repos\코딩 프로젝트 druid\코딩 프로젝트 druid\x64\release\게임시작.obj
c:\users\user\source\repos\코딩 프로젝트 druid\코딩 프로젝트 druid\x64\release\선택.obj
c:\users\user\source\repos\코딩 프로젝트 druid\코딩 프로젝트 druid\x64\release\인트로(스토리).obj
c:\users\user\source\repos\코딩 프로젝트 druid\코딩 프로젝트 druid\x64\release\임시 쨱짹이.obj
c:\users\user\source\repos\코딩 프로젝트 druid\코딩 프로젝트 druid\x64\release\마우스삭제.obj
c:\users\user\source\repos\코딩 프로젝트 druid\코딩 프로젝트 druid\x64\release\진화.obj
c:\users\user\source\repos\코딩 프로젝트 druid\코딩 프로젝트 druid\x64\release\동물놀사물.obj
c:\users\user\source\repos\코딩 프로젝트 druid\코딩 프로젝트 druid\x64\release\벌레놀사물.obj
c:\users\user\source\repos\코딩 프로젝트 druid\코딩 프로젝트 druid\x64\release\식물놀사물.obj
c:\users\user\source\repos\코딩 프로젝트 druid\x64\release\코딩 프로젝트 druid.exe
c:\users\user\source\repos\코딩 프로젝트 druid\코딩 프로젝트 druid\x64\release\코딩 프로젝트 druid.ipdb
c:\users\user\source\repos\코딩 프로젝트 druid\x64\release\코딩 프로젝트 druid.pdb
c:\users\user\source\repos\코딩 프로젝트 druid\코딩 프로젝트 druid\x64\release\코딩 프로젝트 druid.iobj
c:\users\user\source\repos\코딩 프로젝트 druid\코딩 프로젝트 druid\x64\release\짹놀사물.obj
c:\users\user\source\repos\코딩 프로젝트 druid\코딩 프로젝트 druid\x64\release\처음 화면.obj
c:\users\user\source\repos\코딩 프로젝트 druid\코딩 프로젝트 druid\x64\release\테스트.obj
c:\users\user\source\repos\코딩 프로젝트 druid\코딩 프로젝트 druid\x64\release\호사물.obj
c:\users\user\source\repos\코딩 프로젝트 druid\코딩 프로젝트 druid\x64\release\코딩 프로젝트 druid.tlog\cl.command.1.tlog
c:\users\user\source\repos\코딩 프로젝트 druid\코딩 프로젝트 druid\x64\release\코딩 프로젝트 druid.tlog\cl.read.1.tlog
c:\users\user\source\repos\코딩 프로젝트 druid\코딩 프로젝트 druid\x64\release\코딩 프로젝트 druid.tlog\cl.write.1.tlog
c:\users\user\source\repos\코딩 프로젝트 druid\코딩 프로젝트 druid\x64\release\코딩 프로젝트 druid.tlog\link.command.1.tlog
c:\users\user\source\repos\코딩 프로젝트 druid\코딩 프로젝트 druid\x64\release\코딩 프로젝트 druid.tlog\link.read.1.tlog
c:\users\user\source\repos\코딩 프로젝트 druid\코딩 프로젝트 druid\x64\release\코딩 프로젝트 druid.tlog\link.write.1.tlog
